{"/usr/local/google/home/jorgemflores/Desktop/Week-5/E-Commerce-App/server/db/db.js": {"path":"/usr/local/google/home/jorgemflores/Desktop/Week-5/E-Commerce-App/server/db/db.js","statementMap":{"0":{"start":{"line":1,"column":38},"end":{"line":1,"column":58}},"1":{"start":{"line":2,"column":13},"end":{"line":2,"column":28}},"2":{"start":{"line":4,"column":11},"end":{"line":8,"column":2}},"3":{"start":{"line":10,"column":0},"end":{"line":10,"column":40}}},"fnMap":{},"branchMap":{},"s":{"0":3,"1":3,"2":3,"3":3},"f":{},"b":{},"_coverageSchema":"1a1c01bbd47fc00a2c39e90264f33305004495a9","hash":"6751e65364db910d671ef1c24639246d12cfd704"}
,"/usr/local/google/home/jorgemflores/Desktop/Week-5/E-Commerce-App/server/db/index.js": {"path":"/usr/local/google/home/jorgemflores/Desktop/Week-5/E-Commerce-App/server/db/index.js","statementMap":{"0":{"start":{"line":1,"column":16},"end":{"line":1,"column":43}},"1":{"start":{"line":2,"column":13},"end":{"line":2,"column":37}},"2":{"start":{"line":3,"column":14},"end":{"line":3,"column":39}},"3":{"start":{"line":4,"column":11},"end":{"line":4,"column":26}},"4":{"start":{"line":6,"column":0},"end":{"line":6,"column":20}},"5":{"start":{"line":7,"column":0},"end":{"line":7,"column":22}},"6":{"start":{"line":9,"column":0},"end":{"line":9,"column":56}},"7":{"start":{"line":10,"column":0},"end":{"line":10,"column":56}},"8":{"start":{"line":12,"column":0},"end":{"line":12,"column":42}}},"fnMap":{},"branchMap":{},"s":{"0":1,"1":1,"2":1,"3":1,"4":1,"5":1,"6":1,"7":1,"8":1},"f":{},"b":{},"_coverageSchema":"1a1c01bbd47fc00a2c39e90264f33305004495a9","hash":"fe1ce50ed4867e88f13a5bcfc5f0c290cf2bfee7"}
,"/usr/local/google/home/jorgemflores/Desktop/Week-5/E-Commerce-App/server/db/models/Order.js": {"path":"/usr/local/google/home/jorgemflores/Desktop/Week-5/E-Commerce-App/server/db/models/Order.js","statementMap":{"0":{"start":{"line":2,"column":30},"end":{"line":2,"column":46}},"1":{"start":{"line":8,"column":0},"end":{"line":15,"column":3}},"2":{"start":{"line":16,"column":0},"end":{"line":16,"column":23}}},"fnMap":{},"branchMap":{},"s":{"0":1,"1":1,"2":1},"f":{},"b":{},"_coverageSchema":"1a1c01bbd47fc00a2c39e90264f33305004495a9","hash":"79e920bd1a63ea4358cd49b6e4927aa80f214b71"}
,"/usr/local/google/home/jorgemflores/Desktop/Week-5/E-Commerce-App/server/db/models/Product.js": {"path":"/usr/local/google/home/jorgemflores/Desktop/Week-5/E-Commerce-App/server/db/models/Product.js","statementMap":{"0":{"start":{"line":2,"column":30},"end":{"line":2,"column":46}},"1":{"start":{"line":8,"column":0},"end":{"line":18,"column":3}},"2":{"start":{"line":19,"column":0},"end":{"line":19,"column":25}}},"fnMap":{},"branchMap":{},"s":{"0":2,"1":2,"2":2},"f":{},"b":{},"_coverageSchema":"1a1c01bbd47fc00a2c39e90264f33305004495a9","hash":"c00685e996c14732385f4bf15a36918e79ae3de2"}
,"/usr/local/google/home/jorgemflores/Desktop/Week-5/E-Commerce-App/server/db/models/User.js": {"path":"/usr/local/google/home/jorgemflores/Desktop/Week-5/E-Commerce-App/server/db/models/User.js","statementMap":{"0":{"start":{"line":2,"column":30},"end":{"line":2,"column":46}},"1":{"start":{"line":8,"column":0},"end":{"line":19,"column":3}},"2":{"start":{"line":20,"column":0},"end":{"line":20,"column":22}}},"fnMap":{},"branchMap":{},"s":{"0":2,"1":2,"2":2},"f":{},"b":{},"_coverageSchema":"1a1c01bbd47fc00a2c39e90264f33305004495a9","hash":"46a1b1a8d0b6999c3569c89dcf31b6bfacde21b9"}
}
