TN:
SF:server/db/db.js
FNF:0
FNH:0
DA:1,3
DA:2,3
DA:4,3
DA:10,3
LF:4
LH:4
BRF:0
BRH:0
end_of_record
TN:
SF:server/db/index.js
FNF:0
FNH:0
DA:1,1
DA:2,1
DA:3,1
DA:4,1
DA:6,1
DA:7,1
DA:9,1
DA:10,1
DA:12,1
LF:9
LH:9
BRF:0
BRH:0
end_of_record
TN:
SF:server/db/models/Order.js
FNF:0
FNH:0
DA:2,1
DA:8,1
DA:16,1
LF:3
LH:3
BRF:0
BRH:0
end_of_record
TN:
SF:server/db/models/Product.js
FNF:0
FNH:0
DA:2,2
DA:8,2
DA:19,2
LF:3
LH:3
BRF:0
BRH:0
end_of_record
TN:
SF:server/db/models/User.js
FNF:0
FNH:0
DA:2,2
DA:8,2
DA:20,2
LF:3
LH:3
BRF:0
BRH:0
end_of_record
